C:\Users\yangzq\Documents\Visual Studio 2012\Projects\DO_NOT_CRASH\DO_NOT_CRASH\Debug\core.obj
C:\Users\yangzq\Documents\Visual Studio 2012\Projects\DO_NOT_CRASH\DO_NOT_CRASH\Debug\main.obj
C:\USERS\YANGZQ\DOCUMENTS\VISUAL STUDIO 2012\PROJECTS\DO_NOT_CRASH\DEBUG\DO_NOT_CRASH.ILK
C:\USERS\YANGZQ\DOCUMENTS\VISUAL STUDIO 2012\PROJECTS\DO_NOT_CRASH\DEBUG\DO_NOT_CRASH.EXE
C:\USERS\YANGZQ\DOCUMENTS\VISUAL STUDIO 2012\PROJECTS\DO_NOT_CRASH\DEBUG\DO_NOT_CRASH.PDB
C:\USERS\YANGZQ\DOCUMENTS\VISUAL STUDIO 2012\PROJECTS\DO_NOT_CRASH\DO_NOT_CRASH\DEBUG\DO_NOT_CRASH.RES
C:\Users\yangzq\Documents\Visual Studio 2012\Projects\DO_NOT_CRASH\DO_NOT_CRASH\Debug\DO_NOT_CRASH.write.1.tlog
C:\Users\yangzq\Documents\Visual Studio 2012\Projects\DO_NOT_CRASH\DO_NOT_CRASH\Debug\link-cvtres.read.1.tlog
C:\Users\yangzq\Documents\Visual Studio 2012\Projects\DO_NOT_CRASH\DO_NOT_CRASH\Debug\link-cvtres.write.1.tlog
C:\Users\yangzq\Documents\Visual Studio 2012\Projects\DO_NOT_CRASH\DO_NOT_CRASH\Debug\link-rc.read.1.tlog
C:\Users\yangzq\Documents\Visual Studio 2012\Projects\DO_NOT_CRASH\DO_NOT_CRASH\Debug\link-rc.write.1.tlog
C:\Users\yangzq\Documents\Visual Studio 2012\Projects\DO_NOT_CRASH\DO_NOT_CRASH\Debug\link.9392-cvtres.read.1.tlog
C:\Users\yangzq\Documents\Visual Studio 2012\Projects\DO_NOT_CRASH\DO_NOT_CRASH\Debug\link.9392-cvtres.write.1.tlog
C:\Users\yangzq\Documents\Visual Studio 2012\Projects\DO_NOT_CRASH\DO_NOT_CRASH\Debug\link.9392-rc.read.1.tlog
C:\Users\yangzq\Documents\Visual Studio 2012\Projects\DO_NOT_CRASH\DO_NOT_CRASH\Debug\link.9392-rc.write.1.tlog
C:\Users\yangzq\Documents\Visual Studio 2012\Projects\DO_NOT_CRASH\DO_NOT_CRASH\Debug\link.9392.read.1.tlog
C:\Users\yangzq\Documents\Visual Studio 2012\Projects\DO_NOT_CRASH\DO_NOT_CRASH\Debug\link.9392.write.1.tlog
C:\Users\yangzq\Documents\Visual Studio 2012\Projects\DO_NOT_CRASH\DO_NOT_CRASH\Debug\link.command.1.tlog
C:\Users\yangzq\Documents\Visual Studio 2012\Projects\DO_NOT_CRASH\DO_NOT_CRASH\Debug\link.read.1.tlog
C:\Users\yangzq\Documents\Visual Studio 2012\Projects\DO_NOT_CRASH\DO_NOT_CRASH\Debug\link.write.1.tlog
C:\Users\yangzq\Documents\Visual Studio 2012\Projects\DO_NOT_CRASH\DO_NOT_CRASH\Debug\rc.command.1.tlog
C:\Users\yangzq\Documents\Visual Studio 2012\Projects\DO_NOT_CRASH\DO_NOT_CRASH\Debug\rc.read.1.tlog
C:\Users\yangzq\Documents\Visual Studio 2012\Projects\DO_NOT_CRASH\DO_NOT_CRASH\Debug\rc.write.1.tlog
C:\Users\yangzq\Documents\Visual Studio 2012\Projects\DO_NOT_CRASH\DO_NOT_CRASH\Debug\DO_NOT_CRASH.res
C:\Users\yangzq\Documents\Visual Studio 2012\Projects\DO_NOT_CRASH\Debug\DO_NOT_CRASH.pdb
C:\Users\yangzq\Documents\Visual Studio 2012\Projects\DO_NOT_CRASH\Debug\DO_NOT_CRASH.exe
C:\Users\yangzq\Documents\Visual Studio 2012\Projects\DO_NOT_CRASH\Debug\DO_NOT_CRASH.ilk
